0 info it worked if it ends with ok
1 verbose cli [ 'node',
1 verbose cli   '/home/zebdeos/.local/bin/npm',
1 verbose cli   'install',
1 verbose cli   '--save-dev',
1 verbose cli   'babel-loader',
1 verbose cli   'babel-core',
1 verbose cli   'bable-preset-es2016' ]
2 info using npm@3.9.5
3 info using node@v0.10.42
4 silly loadCurrentTree Starting
5 silly install loadCurrentTree
6 silly install readLocalPackageData
7 silly fetchPackageMetaData babel-loader
8 silly fetchPackageMetaData babel-core
9 silly fetchPackageMetaData bable-preset-es2016
10 silly fetchNamedPackageData babel-loader
11 silly mapToRegistry name babel-loader
12 silly mapToRegistry using default registry
13 silly mapToRegistry registry https://registry.npmjs.org/
14 silly mapToRegistry data { raw: 'babel-loader',
14 silly mapToRegistry   scope: null,
14 silly mapToRegistry   name: 'babel-loader',
14 silly mapToRegistry   rawSpec: '',
14 silly mapToRegistry   spec: 'latest',
14 silly mapToRegistry   type: 'tag' }
15 silly mapToRegistry uri https://registry.npmjs.org/babel-loader
16 silly fetchNamedPackageData babel-core
17 silly mapToRegistry name babel-core
18 silly mapToRegistry using default registry
19 silly mapToRegistry registry https://registry.npmjs.org/
20 silly mapToRegistry data { raw: 'babel-core',
20 silly mapToRegistry   scope: null,
20 silly mapToRegistry   name: 'babel-core',
20 silly mapToRegistry   rawSpec: '',
20 silly mapToRegistry   spec: 'latest',
20 silly mapToRegistry   type: 'tag' }
21 silly mapToRegistry uri https://registry.npmjs.org/babel-core
22 silly fetchNamedPackageData bable-preset-es2016
23 silly mapToRegistry name bable-preset-es2016
24 silly mapToRegistry using default registry
25 silly mapToRegistry registry https://registry.npmjs.org/
26 silly mapToRegistry data { raw: 'bable-preset-es2016',
26 silly mapToRegistry   scope: null,
26 silly mapToRegistry   name: 'bable-preset-es2016',
26 silly mapToRegistry   rawSpec: '',
26 silly mapToRegistry   spec: 'latest',
26 silly mapToRegistry   type: 'tag' }
27 silly mapToRegistry uri https://registry.npmjs.org/bable-preset-es2016
28 verbose request uri https://registry.npmjs.org/bable-preset-es2016
29 verbose request no auth needed
30 info attempt registry request try #1 at 20:16:04
31 verbose request id 27b4d480495550a6
32 http request GET https://registry.npmjs.org/bable-preset-es2016
33 verbose request uri https://registry.npmjs.org/babel-loader
34 verbose request no auth needed
35 info attempt registry request try #1 at 20:16:04
36 verbose etag "15EMXCK578LUDZ23G95SQDTQ7"
37 http request GET https://registry.npmjs.org/babel-loader
38 verbose request uri https://registry.npmjs.org/babel-core
39 verbose request no auth needed
40 info attempt registry request try #1 at 20:16:04
41 verbose etag "D6LUBDJ5GW12W0KLKPPDDV62A"
42 http request GET https://registry.npmjs.org/babel-core
43 http 200 https://registry.npmjs.org/babel-loader
44 verbose headers { server: 'CouchDB/1.5.0 (Erlang OTP/R16B03)',
44 verbose headers   etag: '"EW23D9MKRNP2807DDKRUKPXG"',
44 verbose headers   'content-type': 'application/json',
44 verbose headers   'content-encoding': 'gzip',
44 verbose headers   'cache-control': 'max-age=300',
44 verbose headers   'content-length': '8120',
44 verbose headers   'accept-ranges': 'bytes',
44 verbose headers   date: 'Fri, 01 Jul 2016 03:16:04 GMT',
44 verbose headers   via: '1.1 varnish',
44 verbose headers   age: '62',
44 verbose headers   connection: 'keep-alive',
44 verbose headers   'x-served-by': 'cache-lax1420-LAX',
44 verbose headers   'x-cache': 'HIT',
44 verbose headers   'x-cache-hits': '1',
44 verbose headers   'x-timer': 'S1467342964.771139,VS0,VE0',
44 verbose headers   vary: 'Accept-Encoding' }
45 silly get cb [ 200,
45 silly get   { server: 'CouchDB/1.5.0 (Erlang OTP/R16B03)',
45 silly get     etag: '"EW23D9MKRNP2807DDKRUKPXG"',
45 silly get     'content-type': 'application/json',
45 silly get     'content-encoding': 'gzip',
45 silly get     'cache-control': 'max-age=300',
45 silly get     'content-length': '8120',
45 silly get     'accept-ranges': 'bytes',
45 silly get     date: 'Fri, 01 Jul 2016 03:16:04 GMT',
45 silly get     via: '1.1 varnish',
45 silly get     age: '62',
45 silly get     connection: 'keep-alive',
45 silly get     'x-served-by': 'cache-lax1420-LAX',
45 silly get     'x-cache': 'HIT',
45 silly get     'x-cache-hits': '1',
45 silly get     'x-timer': 'S1467342964.771139,VS0,VE0',
45 silly get     vary: 'Accept-Encoding' } ]
46 verbose get saving babel-loader to /home/zebdeos/.npm/registry.npmjs.org/babel-loader/.cache.json
47 verbose correctMkdir /home/zebdeos/.npm correctMkdir not in flight; initializing
48 http 200 https://registry.npmjs.org/babel-core
49 verbose headers { server: 'CouchDB/1.5.0 (Erlang OTP/R16B03)',
49 verbose headers   etag: '"H9CBZ1WWX0PUU5I5Z66RQ41"',
49 verbose headers   'content-type': 'application/json',
49 verbose headers   'content-encoding': 'gzip',
49 verbose headers   'cache-control': 'max-age=300',
49 verbose headers   'content-length': '36484',
49 verbose headers   'accept-ranges': 'bytes',
49 verbose headers   date: 'Fri, 01 Jul 2016 03:16:04 GMT',
49 verbose headers   via: '1.1 varnish',
49 verbose headers   age: '254',
49 verbose headers   connection: 'keep-alive',
49 verbose headers   'x-served-by': 'cache-sjc3129-SJC',
49 verbose headers   'x-cache': 'HIT',
49 verbose headers   'x-cache-hits': '3',
49 verbose headers   'x-timer': 'S1467342964.741724,VS0,VE0',
49 verbose headers   vary: 'Accept-Encoding' }
50 silly get cb [ 200,
50 silly get   { server: 'CouchDB/1.5.0 (Erlang OTP/R16B03)',
50 silly get     etag: '"H9CBZ1WWX0PUU5I5Z66RQ41"',
50 silly get     'content-type': 'application/json',
50 silly get     'content-encoding': 'gzip',
50 silly get     'cache-control': 'max-age=300',
50 silly get     'content-length': '36484',
50 silly get     'accept-ranges': 'bytes',
50 silly get     date: 'Fri, 01 Jul 2016 03:16:04 GMT',
50 silly get     via: '1.1 varnish',
50 silly get     age: '254',
50 silly get     connection: 'keep-alive',
50 silly get     'x-served-by': 'cache-sjc3129-SJC',
50 silly get     'x-cache': 'HIT',
50 silly get     'x-cache-hits': '3',
50 silly get     'x-timer': 'S1467342964.741724,VS0,VE0',
50 silly get     vary: 'Accept-Encoding' } ]
51 verbose get saving babel-core to /home/zebdeos/.npm/registry.npmjs.org/babel-core/.cache.json
52 verbose correctMkdir /home/zebdeos/.npm correctMkdir not in flight; initializing
53 http 404 https://registry.npmjs.org/bable-preset-es2016
54 verbose headers { 'content-type': 'application/json',
54 verbose headers   'cache-control': 'max-age=0',
54 verbose headers   'content-length': '2',
54 verbose headers   'accept-ranges': 'bytes',
54 verbose headers   date: 'Fri, 01 Jul 2016 03:16:04 GMT',
54 verbose headers   via: '1.1 varnish',
54 verbose headers   age: '0',
54 verbose headers   connection: 'keep-alive',
54 verbose headers   'x-served-by': 'cache-lax1432-LAX',
54 verbose headers   'x-cache': 'MISS',
54 verbose headers   'x-cache-hits': '0',
54 verbose headers   'x-timer': 'S1467342964.748916,VS0,VE80',
54 verbose headers   vary: 'Accept-Encoding' }
55 silly get cb [ 404,
55 silly get   { 'content-type': 'application/json',
55 silly get     'cache-control': 'max-age=0',
55 silly get     'content-length': '2',
55 silly get     'accept-ranges': 'bytes',
55 silly get     date: 'Fri, 01 Jul 2016 03:16:04 GMT',
55 silly get     via: '1.1 varnish',
55 silly get     age: '0',
55 silly get     connection: 'keep-alive',
55 silly get     'x-served-by': 'cache-lax1432-LAX',
55 silly get     'x-cache': 'MISS',
55 silly get     'x-cache-hits': '0',
55 silly get     'x-timer': 'S1467342964.748916,VS0,VE80',
55 silly get     vary: 'Accept-Encoding' } ]
56 silly fetchPackageMetaData Error: Registry returned 404 for GET on https://registry.npmjs.org/bable-preset-es2016
56 silly fetchPackageMetaData     at makeError (/home/zebdeos/.local/lib/node_modules/npm/node_modules/npm-registry-client/lib/request.js:264:12)
56 silly fetchPackageMetaData     at CachingRegistryClient.<anonymous> (/home/zebdeos/.local/lib/node_modules/npm/node_modules/npm-registry-client/lib/request.js:242:14)
56 silly fetchPackageMetaData     at Request._callback (/home/zebdeos/.local/lib/node_modules/npm/node_modules/npm-registry-client/lib/request.js:172:14)
56 silly fetchPackageMetaData     at Request.self.callback (/home/zebdeos/.local/lib/node_modules/npm/node_modules/request/request.js:200:22)
56 silly fetchPackageMetaData     at Request.emit (events.js:98:17)
56 silly fetchPackageMetaData     at Request.<anonymous> (/home/zebdeos/.local/lib/node_modules/npm/node_modules/request/request.js:1067:10)
56 silly fetchPackageMetaData     at Request.emit (events.js:117:20)
56 silly fetchPackageMetaData     at IncomingMessage.<anonymous> (/home/zebdeos/.local/lib/node_modules/npm/node_modules/request/request.js:988:12)
56 silly fetchPackageMetaData     at IncomingMessage.emit (events.js:117:20)
56 silly fetchPackageMetaData     at _stream_readable.js:944:16
56 silly fetchPackageMetaData  error for bable-preset-es2016 { [Error: Registry returned 404 for GET on https://registry.npmjs.org/bable-preset-es2016] pkgid: 'bable-preset-es2016', statusCode: 404, code: 'E404' }
57 silly rollbackFailedOptional Starting
58 silly rollbackFailedOptional Finishing
59 silly runTopLevelLifecycles Starting
60 silly runTopLevelLifecycles Finishing
61 silly install printInstalled
62 verbose stack Error: Registry returned 404 for GET on https://registry.npmjs.org/bable-preset-es2016
62 verbose stack     at makeError (/home/zebdeos/.local/lib/node_modules/npm/node_modules/npm-registry-client/lib/request.js:264:12)
62 verbose stack     at CachingRegistryClient.<anonymous> (/home/zebdeos/.local/lib/node_modules/npm/node_modules/npm-registry-client/lib/request.js:242:14)
62 verbose stack     at Request._callback (/home/zebdeos/.local/lib/node_modules/npm/node_modules/npm-registry-client/lib/request.js:172:14)
62 verbose stack     at Request.self.callback (/home/zebdeos/.local/lib/node_modules/npm/node_modules/request/request.js:200:22)
62 verbose stack     at Request.emit (events.js:98:17)
62 verbose stack     at Request.<anonymous> (/home/zebdeos/.local/lib/node_modules/npm/node_modules/request/request.js:1067:10)
62 verbose stack     at Request.emit (events.js:117:20)
62 verbose stack     at IncomingMessage.<anonymous> (/home/zebdeos/.local/lib/node_modules/npm/node_modules/request/request.js:988:12)
62 verbose stack     at IncomingMessage.emit (events.js:117:20)
62 verbose stack     at _stream_readable.js:944:16
63 verbose statusCode 404
64 verbose pkgid bable-preset-es2016
65 verbose cwd /home/zebdeos/Code/01_private/toybox
66 error Linux 4.7.0-0.rc5.git1.2.fc25.x86_64
67 error argv "node" "/home/zebdeos/.local/bin/npm" "install" "--save-dev" "babel-loader" "babel-core" "bable-preset-es2016"
68 error node v0.10.42
69 error npm  v3.9.5
70 error code E404
71 error 404 Registry returned 404 for GET on https://registry.npmjs.org/bable-preset-es2016
72 error 404
73 error 404 'bable-preset-es2016' is not in the npm registry.
74 error 404 You should bug the author to publish it (or use the name yourself!)
75 error 404 Note that you can also install from a
76 error 404 tarball, folder, http url, or git url.
77 verbose exit [ 1, true ]
